#
# There is insufficient memory for the Java Runtime Environment to continue.
# Native memory allocation (malloc) failed to allocate 345616 bytes for Chunk::new
# Possible reasons:
#   The system is out of physical RAM or swap space
#   In 32 bit mode, the process size limit was hit
# Possible solutions:
#   Reduce memory load on the system
#   Increase physical memory or swap space
#   Check if swap backing store is full
#   Use 64 bit Java on a 64 bit OS
#   Decrease Java heap size (-Xmx/-Xms)
#   Decrease number of Java threads
#   Decrease Java thread stack sizes (-Xss)
#   Set larger code cache with -XX:ReservedCodeCacheSize=
# This output file may be truncated or incomplete.
#
#  Out of Memory Error (allocation.cpp:323), pid=7032, tid=8896
#
# JRE version: Java(TM) SE Runtime Environment (7.0_79-b15) (build 1.7.0_79-b15)
# Java VM: Java HotSpot(TM) 64-Bit Server VM (24.79-b02 mixed mode windows-amd64 compressed oops)
# Failed to write core dump. Minidumps are not enabled by default on client versions of Windows
#

---------------  T H R E A D  ---------------

Current thread (0x000000000868f000):  JavaThread "C2 CompilerThread1" daemon [_thread_in_native, id=8896, stack(0x0000000009cf0000,0x0000000009df0000)]

Stack: [0x0000000009cf0000,0x0000000009df0000]
[error occurred during error reporting (printing stack bounds), id 0xc0000005]


[error occurred during error reporting (printing native stack), id 0xc0000005]


Current CompileTask:
C2:   7281  545   !         com.android.dx.rop.type.Prototype::intern (233 bytes)


---------------  P R O C E S S  ---------------

Java Threads: ( => current thread )
  0x000000000a1cd000 JavaThread "pool-1-thread-4" [_thread_in_Java, id=13120, stack(0x000000000a7f0000,0x000000000a8f0000)]
  0x000000000a1cc000 JavaThread "pool-1-thread-3" [_thread_in_Java, id=2700, stack(0x000000000a6f0000,0x000000000a7f0000)]
  0x000000000a1c9800 JavaThread "pool-1-thread-2" [_thread_in_Java, id=9192, stack(0x000000000a5f0000,0x000000000a6f0000)]
  0x000000000a1b6000 JavaThread "pool-2-thread-1" [_thread_blocked, id=10848, stack(0x000000000a4f0000,0x000000000a5f0000)]
  0x000000000a08f000 JavaThread "pool-1-thread-1" [_thread_in_Java, id=11668, stack(0x000000000a3f0000,0x000000000a4f0000)]
  0x0000000008695800 JavaThread "Service Thread" daemon [_thread_blocked, id=13204, stack(0x0000000009df0000,0x0000000009ef0000)]
=>0x000000000868f000 JavaThread "C2 CompilerThread1" daemon [_thread_in_native, id=8896, stack(0x0000000009cf0000,0x0000000009df0000)]
  0x0000000008685000 JavaThread "C2 CompilerThread0" daemon [_thread_in_native, id=10092, stack(0x0000000009bf0000,0x0000000009cf0000)]
  0x0000000008684000 JavaThread "Attach Listener" daemon [_thread_blocked, id=4272, stack(0x0000000009af0000,0x0000000009bf0000)]
  0x0000000008681000 JavaThread "Signal Dispatcher" daemon [_thread_blocked, id=7620, stack(0x00000000099f0000,0x0000000009af0000)]
  0x0000000008649800 JavaThread "Finalizer" daemon [_thread_blocked, id=7888, stack(0x00000000098f0000,0x00000000099f0000)]
  0x0000000008646000 JavaThread "Reference Handler" daemon [_thread_blocked, id=7496, stack(0x00000000097f0000,0x00000000098f0000)]
  0x00000000026f0800 JavaThread "main" [_thread_in_native, id=7868, stack(0x00000000025e0000,0x00000000026e0000)]

Other Threads:
  0x0000000008642000 VMThread [stack: 0x00000000096f0000,0x00000000097f0000] [id=9804]
  0x00000000086a4000 WatcherThread [stack: 0x0000000009ef0000,0x0000000009ff0000] [id=9404]

VM state:not at safepoint (normal execution)

VM Mutex/Monitor currently owned by a thread: None

Heap
 PSYoungGen      total 138240K, used 26194K [0x00000000eaa80000, 0x00000000f3680000, 0x0000000100000000)
  eden space 133120K, 15% used [0x00000000eaa80000,0x00000000ebf187f8,0x00000000f2c80000)
  from space 5120K, 99% used [0x00000000f3180000,0x00000000f367c3b0,0x00000000f3680000)
  to   space 5120K, 0% used [0x00000000f2c80000,0x00000000f2c80000,0x00000000f3180000)
 ParOldGen       total 86016K, used 17554K [0x00000000c0000000, 0x00000000c5400000, 0x00000000eaa80000)
  object space 86016K, 20% used [0x00000000c0000000,0x00000000c1124bb8,0x00000000c5400000)
 PSPermGen       total 21504K, used 5898K [0x00000000bae00000, 0x00000000bc300000, 0x00000000c0000000)
  object space 21504K, 27% used [0x00000000bae00000,0x00000000bb3c2860,0x00000000bc300000)

Card table byte_map: [0x00000000058b0000,0x0000000005ae0000] byte_map_base: 0x00000000052d9000

Polling page: 0x0000000002520000

Code Cache  [0x00000000027f0000, 0x0000000002a60000, 0x00000000057f0000)
 total_blobs=769 nmethods=532 adapters=189 free_code_cache=47037Kb largest_free_block=48111936

Compilation events (10 events):
Event: 7.139 Thread 0x000000000868f000 nmethod 540 0x00000000028d3a10 code [0x00000000028d3b40, 0x00000000028d3b98]
Event: 7.146 Thread 0x000000000868f000  541             com.android.dx.ssa.back.FirstFitLocalCombiningAllocator::handleLocalAssociatedOther (151 bytes)
Event: 7.179 Thread 0x000000000868f000 nmethod 541 0x00000000028ab190 code [0x00000000028ab380, 0x00000000028abf48]
Event: 7.203 Thread 0x000000000868f000  542             com.android.dx.rop.code.BasicBlockList$RegCountVisitor::visitPlainCstInsn (6 bytes)
Event: 7.208 Thread 0x000000000868f000 nmethod 542 0x00000000028aa850 code [0x00000000028aa9c0, 0x00000000028aac58]
Event: 7.231 Thread 0x000000000868f000  543             com.android.dx.cf.code.ByteCatchList::toTargetList (114 bytes)
Event: 7.248 Thread 0x000000000868f000 nmethod 543 0x0000000002941c10 code [0x0000000002941dc0, 0x00000000029428c8]
Event: 7.254 Thread 0x000000000868f000  544             sun.misc.VM::isBooted (4 bytes)
Event: 7.254 Thread 0x000000000868f000 nmethod 544 0x00000000028d19d0 code [0x00000000028d1b00, 0x00000000028d1b58]
Event: 7.261 Thread 0x000000000868f000  545   !         com.android.dx.rop.type.Prototype::intern (233 bytes)

GC Heap History (8 events):
Event: 3.423 GC heap before
{Heap before GC invocations=1 (full 0):
 PSYoungGen      total 38400K, used 33280K [0x00000000eaa80000, 0x00000000ed500000, 0x0000000100000000)
  eden space 33280K, 100% used [0x00000000eaa80000,0x00000000ecb00000,0x00000000ecb00000)
  from space 5120K, 0% used [0x00000000ed000000,0x00000000ed000000,0x00000000ed500000)
  to   space 5120K, 0% used [0x00000000ecb00000,0x00000000ecb00000,0x00000000ed000000)
 ParOldGen       total 86016K, used 0K [0x00000000c0000000, 0x00000000c5400000, 0x00000000eaa80000)
  object space 86016K, 0% used [0x00000000c0000000,0x00000000c0000000,0x00000000c5400000)
 PSPermGen       total 21504K, used 5733K [0x00000000bae00000, 0x00000000bc300000, 0x00000000c0000000)
  object space 21504K, 26% used [0x00000000bae00000,0x00000000bb3996d8,0x00000000bc300000)
Event: 3.519 GC heap after
Heap after GC invocations=1 (full 0):
 PSYoungGen      total 38400K, used 5114K [0x00000000eaa80000, 0x00000000ef580000, 0x0000000100000000)
  eden space 33280K, 0% used [0x00000000eaa80000,0x00000000eaa80000,0x00000000ecb00000)
  from space 5120K, 99% used [0x00000000ecb00000,0x00000000ecffeaa8,0x00000000ed000000)
  to   space 5120K, 0% used [0x00000000ef080000,0x00000000ef080000,0x00000000ef580000)
 ParOldGen       total 86016K, used 1716K [0x00000000c0000000, 0x00000000c5400000, 0x00000000eaa80000)
  object space 86016K, 1% used [0x00000000c0000000,0x00000000c01ad2e0,0x00000000c5400000)
 PSPermGen       total 21504K, used 5733K [0x00000000bae00000, 0x00000000bc300000, 0x00000000c0000000)
  object space 21504K, 26% used [0x00000000bae00000,0x00000000bb3996d8,0x00000000bc300000)
}
Event: 5.427 GC heap before
{Heap before GC invocations=2 (full 0):
 PSYoungGen      total 38400K, used 38394K [0x00000000eaa80000, 0x00000000ef580000, 0x0000000100000000)
  eden space 33280K, 100% used [0x00000000eaa80000,0x00000000ecb00000,0x00000000ecb00000)
  from space 5120K, 99% used [0x00000000ecb00000,0x00000000ecffeaa8,0x00000000ed000000)
  to   space 5120K, 0% used [0x00000000ef080000,0x00000000ef080000,0x00000000ef580000)
 ParOldGen       total 86016K, used 1718K [0x00000000c0000000, 0x00000000c5400000, 0x00000000eaa80000)
  object space 86016K, 1% used [0x00000000c0000000,0x00000000c01ada88,0x00000000c5400000)
 PSPermGen       total 21504K, used 5821K [0x00000000bae00000, 0x00000000bc300000, 0x00000000c0000000)
  object space 21504K, 27% used [0x00000000bae00000,0x00000000bb3af5b8,0x00000000bc300000)
Event: 5.441 GC heap after
Heap after GC invocations=2 (full 0):
 PSYoungGen      total 71680K, used 5099K [0x00000000eaa80000, 0x00000000ef580000, 0x0000000100000000)
  eden space 66560K, 0% used [0x00000000eaa80000,0x00000000eaa80000,0x00000000eeb80000)
  from space 5120K, 99% used [0x00000000ef080000,0x00000000ef57ac28,0x00000000ef580000)
  to   space 5120K, 0% used [0x00000000eeb80000,0x00000000eeb80000,0x00000000ef080000)
 ParOldGen       total 86016K, used 6746K [0x00000000c0000000, 0x00000000c5400000, 0x00000000eaa80000)
  object space 86016K, 7% used [0x00000000c0000000,0x00000000c0696bc8,0x00000000c5400000)
 PSPermGen       total 21504K, used 5821K [0x00000000bae00000, 0x00000000bc300000, 0x00000000c0000000)
  object space 21504K, 27% used [0x00000000bae00000,0x00000000bb3af5b8,0x00000000bc300000)
}
Event: 5.443 GC heap before
{Heap before GC invocations=3 (full 0):
 PSYoungGen      total 71680K, used 6312K [0x00000000eaa80000, 0x00000000ef580000, 0x0000000100000000)
  eden space 66560K, 1% used [0x00000000eaa80000,0x00000000eabaf648,0x00000000eeb80000)
  from space 5120K, 99% used [0x00000000ef080000,0x00000000ef57ac28,0x00000000ef580000)
  to   space 5120K, 0% used [0x00000000eeb80000,0x00000000eeb80000,0x00000000ef080000)
 ParOldGen       total 86016K, used 6746K [0x00000000c0000000, 0x00000000c5400000, 0x00000000eaa80000)
  object space 86016K, 7% used [0x00000000c0000000,0x00000000c0696bc8,0x00000000c5400000)
 PSPermGen       total 21504K, used 5821K [0x00000000bae00000, 0x00000000bc300000, 0x00000000c0000000)
  object space 21504K, 27% used [0x00000000bae00000,0x00000000bb3af5b8,0x00000000bc300000)
Event: 5.467 GC heap after
Heap after GC invocations=3 (full 0):
 PSYoungGen      total 71680K, used 5114K [0x00000000eaa80000, 0x00000000f3680000, 0x0000000100000000)
  eden space 66560K, 0% used [0x00000000eaa80000,0x00000000eaa80000,0x00000000eeb80000)
  from space 5120K, 99% used [0x00000000eeb80000,0x00000000ef07eaa8,0x00000000ef080000)
  to   space 5120K, 0% used [0x00000000f3180000,0x00000000f3180000,0x00000000f3680000)
 ParOldGen       total 86016K, used 6762K [0x00000000c0000000, 0x00000000c5400000, 0x00000000eaa80000)
  object space 86016K, 7% used [0x00000000c0000000,0x00000000c069abc8,0x00000000c5400000)
 PSPermGen       total 21504K, used 5821K [0x00000000bae00000, 0x00000000bc300000, 0x00000000c0000000)
  object space 21504K, 27% used [0x00000000bae00000,0x00000000bb3af5b8,0x00000000bc300000)
}
Event: 6.799 GC heap before
{Heap before GC invocations=4 (full 0):
 PSYoungGen      total 71680K, used 71674K [0x00000000eaa80000, 0x00000000f3680000, 0x0000000100000000)
  eden space 66560K, 100% used [0x00000000eaa80000,0x00000000eeb80000,0x00000000eeb80000)
  from space 5120K, 99% used [0x00000000eeb80000,0x00000000ef07eaa8,0x00000000ef080000)
  to   space 5120K, 0% used [0x00000000f3180000,0x00000000f3180000,0x00000000f3680000)
 ParOldGen       total 86016K, used 6762K [0x00000000c0000000, 0x00000000c5400000, 0x00000000eaa80000)
  object space 86016K, 7% used [0x00000000c0000000,0x00000000c069abc8,0x00000000c5400000)
 PSPermGen       total 21504K, used 5883K [0x00000000bae00000, 0x00000000bc300000, 0x00000000c0000000)
  object space 21504K, 27% used [0x00000000bae00000,0x00000000bb3bed90,0x00000000bc300000)
Event: 7.003 GC heap after
Heap after GC invocations=4 (full 0):
 PSYoungGen      total 138240K, used 5104K [0x00000000eaa80000, 0x00000000f3680000, 0x0000000100000000)
  eden space 133120K, 0% used [0x00000000eaa80000,0x00000000eaa80000,0x00000000f2c80000)
  from space 5120K, 99% used [0x00000000f3180000,0x00000000f367c3b0,0x00000000f3680000)
  to   space 5120K, 0% used [0x00000000f2c80000,0x00000000f2c80000,0x00000000f3180000)
 ParOldGen       total 86016K, used 17554K [0x00000000c0000000, 0x00000000c5400000, 0x00000000eaa80000)
  object space 86016K, 20% used [0x00000000c0000000,0x00000000c1124bb8,0x00000000c5400000)
 PSPermGen       total 21504K, used 5883K [0x00000000bae00000, 0x00000000bc300000, 0x00000000c0000000)
  object space 21504K, 27% used [0x00000000bae00000,0x00000000bb3bed90,0x00000000bc300000)
}

Deoptimization events (10 events):
Event: 6.639 Thread 0x000000000a1cd000 Uncommon trap: reason=class_check action=maybe_recompile pc=0x0000000002992904 method=com.android.dx.ssa.ConstCollector.getConstsSortedByCountUse()Ljava/util/ArrayList; @ 168
Event: 6.639 Thread 0x000000000a1cd000 Uncommon trap: reason=unreached action=reinterpret pc=0x00000000029859f0 method=com.android.dx.dex.code.RopToDop.dopFor(Lcom/android/dx/rop/code/Insn;)Lcom/android/dx/dex/code/Dop; @ 747
Event: 6.658 Thread 0x00000000026f0800 Uncommon trap: reason=class_check action=maybe_recompile pc=0x0000000002992904 method=com.android.dx.ssa.ConstCollector.getConstsSortedByCountUse()Ljava/util/ArrayList; @ 168
Event: 7.007 Thread 0x000000000a1cc000 Uncommon trap: reason=null_check action=make_not_entrant pc=0x0000000002883e54 method=com.android.dx.rop.type.Type.equals(Ljava/lang/Object;)Z @ 8
Event: 7.007 Thread 0x000000000a1cc000 Uncommon trap: reason=unreached action=reinterpret pc=0x00000000028d4924 method=com.android.dx.cf.code.Merger.mergeType(Lcom/android/dx/rop/type/TypeBearer;Lcom/android/dx/rop/type/TypeBearer;)Lcom/android/dx/rop/type/TypeBearer; @ 15
Event: 7.007 Thread 0x000000000a1cc000 Uncommon trap: reason=unreached action=reinterpret pc=0x00000000028a53c8 method=com.android.dx.cf.code.Merger.mergeType(Lcom/android/dx/rop/type/TypeBearer;Lcom/android/dx/rop/type/TypeBearer;)Lcom/android/dx/rop/type/TypeBearer; @ 15
Event: 7.035 Thread 0x000000000a1c9800 Uncommon trap: reason=bimorphic action=maybe_recompile pc=0x0000000002902068 method=com.android.dx.cf.code.BytecodeArray.parseInstruction(ILcom/android/dx/cf/code/BytecodeArray$Visitor;)I @ 1161
Event: 7.035 Thread 0x000000000a1c9800 Uncommon trap: reason=bimorphic action=maybe_recompile pc=0x0000000002902068 method=com.android.dx.cf.code.BytecodeArray.parseInstruction(ILcom/android/dx/cf/code/BytecodeArray$Visitor;)I @ 1161
Event: 7.073 Thread 0x000000000a1cc000 Uncommon trap: reason=class_check action=maybe_recompile pc=0x0000000002971420 method=com.android.dx.ssa.PhiTypeResolver.run()V @ 132
Event: 7.230 Thread 0x000000000a1cd000 Uncommon trap: reason=class_check action=maybe_recompile pc=0x0000000002971420 method=com.android.dx.ssa.PhiTypeResolver.run()V @ 132

Internal exceptions (10 events):
Event: 4.184 Thread 0x000000000a1cd000 Threw 0x00000000eb2a4bf0 at C:\re\jdk7u79\2331\hotspot\src\share\vm\prims\jvm.cpp:1304
Event: 4.319 Thread 0x00000000026f0800 Threw 0x00000000eb881da8 at C:\re\jdk7u79\2331\hotspot\src\share\vm\prims\jvm.cpp:1304
Event: 4.554 Thread 0x00000000026f0800 Implicit null exception at 0x0000000002941d87 to 0x0000000002942465
Event: 5.973 Thread 0x000000000a1cd000 Threw 0x00000000eb70c708 at C:\re\jdk7u79\2331\hotspot\src\share\vm\prims\jvm.cpp:1304
Event: 6.057 Thread 0x000000000a1cc000 Implicit null exception at 0x00000000029e2210 to 0x00000000029e23d1
Event: 6.057 Thread 0x000000000a1cc000 Implicit null exception at 0x000000000294e543 to 0x000000000294eef9
Event: 6.426 Thread 0x000000000a1cd000 Implicit null exception at 0x000000000292b419 to 0x000000000292b579
Event: 7.007 Thread 0x000000000a1cc000 Implicit null exception at 0x0000000002883d52 to 0x0000000002883e45
Event: 7.275 Thread 0x00000000026f0800 Threw 0x00000000ebe805c0 at C:\re\jdk7u79\2331\hotspot\src\share\vm\prims\jvm.cpp:1304
Event: 7.276 Thread 0x00000000026f0800 Threw 0x00000000ebe8ba08 at C:\re\jdk7u79\2331\hotspot\src\share\vm\prims\jvm.cpp:1304

Events (10 events):
Event: 7.073 Thread 0x000000000a1cc000 DEOPT PACKING pc=0x0000000002971420 sp=0x000000000a7ef0a0
Event: 7.073 Thread 0x000000000a1cc000 DEOPT UNPACKING pc=0x00000000028275a4 sp=0x000000000a7ef018 mode 2
Event: 7.108 Thread 0x0000000008685000 flushing nmethod 0x0000000002941690
Event: 7.230 Thread 0x000000000a1cd000 Uncommon trap: trap_request=0xffffffde fr.pc=0x0000000002971420
Event: 7.230 Thread 0x000000000a1cd000 DEOPT PACKING pc=0x0000000002971420 sp=0x000000000a8eecb0
Event: 7.230 Thread 0x000000000a1cd000 DEOPT UNPACKING pc=0x00000000028275a4 sp=0x000000000a8eec28 mode 2
Event: 7.275 loading class 0x000000000a032e60
Event: 7.275 loading class 0x000000000a032e60 done
Event: 7.276 loading class 0x00000000086b90a0
Event: 7.276 loading class 0x00000000086b90a0 done


Dynamic libraries:
0x00007ff64abe0000 - 0x00007ff64ac13000 	C:\Program Files\Java\jdk1.7.0_79\bin\java.exe
0x00007ffa22e90000 - 0x00007ffa23051000 	C:\WINDOWS\SYSTEM32\ntdll.dll
0x00007ffa22c10000 - 0x00007ffa22cbd000 	C:\WINDOWS\system32\KERNEL32.DLL
0x00007ffa1fcf0000 - 0x00007ffa1fecd000 	C:\WINDOWS\system32\KERNELBASE.dll
0x00007ffa20910000 - 0x00007ffa209b6000 	C:\WINDOWS\system32\ADVAPI32.dll
0x00007ffa22d80000 - 0x00007ffa22e1d000 	C:\WINDOWS\system32\msvcrt.dll
0x00007ffa206b0000 - 0x00007ffa2070b000 	C:\WINDOWS\system32\sechost.dll
0x00007ffa20b80000 - 0x00007ffa20ca6000 	C:\WINDOWS\system32\RPCRT4.dll
0x00007ffa22ac0000 - 0x00007ffa22c0e000 	C:\WINDOWS\system32\USER32.dll
0x00007ffa22480000 - 0x00007ffa22606000 	C:\WINDOWS\system32\GDI32.dll
0x00007ffa1a170000 - 0x00007ffa1a3e4000 	C:\WINDOWS\WinSxS\amd64_microsoft.windows.common-controls_6595b64144ccf1df_6.0.10240.16384_none_f41f7b285750ef43\COMCTL32.dll
0x00007ffa20770000 - 0x00007ffa207a6000 	C:\WINDOWS\system32\IMM32.DLL
0x00007ffa207b0000 - 0x00007ffa2090c000 	C:\WINDOWS\system32\MSCTF.dll
0x0000000055720000 - 0x00000000557f2000 	C:\Program Files\Java\jdk1.7.0_79\jre\bin\msvcr100.dll
0x0000000055b00000 - 0x00000000562d5000 	C:\Program Files\Java\jdk1.7.0_79\jre\bin\server\jvm.dll
0x00007ffa20f30000 - 0x00007ffa20f38000 	C:\WINDOWS\system32\PSAPI.DLL
0x00007ffa1e060000 - 0x00007ffa1e069000 	C:\WINDOWS\SYSTEM32\WSOCK32.dll
0x00007ffa20b10000 - 0x00007ffa20b79000 	C:\WINDOWS\system32\WS2_32.dll
0x00007ffa20560000 - 0x00007ffa20568000 	C:\WINDOWS\system32\NSI.dll
0x00007ffa1d880000 - 0x00007ffa1d8a3000 	C:\WINDOWS\SYSTEM32\WINMM.dll
0x00007ffa1d850000 - 0x00007ffa1d87c000 	C:\WINDOWS\SYSTEM32\WINMMBASE.dll
0x00007ffa1fbf0000 - 0x00007ffa1fc34000 	C:\WINDOWS\system32\cfgmgr32.dll
0x00007ffa1e230000 - 0x00007ffa1e257000 	C:\WINDOWS\SYSTEM32\DEVOBJ.dll
0x00000000586c0000 - 0x00000000586cf000 	C:\Program Files\Java\jdk1.7.0_79\jre\bin\verify.dll
0x0000000057ac0000 - 0x0000000057ae8000 	C:\Program Files\Java\jdk1.7.0_79\jre\bin\java.dll
0x0000000057830000 - 0x0000000057845000 	C:\Program Files\Java\jdk1.7.0_79\jre\bin\zip.dll
0x00000000577a0000 - 0x00000000577ba000 	C:\Program Files\Java\jdk1.7.0_79\jre\bin\net.dll
0x00007ffa1f130000 - 0x00007ffa1f18d000 	C:\WINDOWS\system32\mswsock.dll
0x0000000055ae0000 - 0x0000000055af1000 	C:\Program Files\Java\jdk1.7.0_79\jre\bin\nio.dll

VM Arguments:
jvm_args: -Djava.awt.headless=true -Xmx1024M -Dfile.encoding=windows-1252 -Duser.country=IN -Duser.language=en -Duser.variant 
java_command: com.android.dx.command.Main --dex --num-threads=4 --output C:\Users\Admin\AndroidStudioProjects\JustJava2\app\build\intermediates\pre-dexed\debug\com.android.support-support-v4-23.1.1_11d9ef423b0ee13cc9b149f68ae163f615b85897.jar C:\Users\Admin\AndroidStudioProjects\JustJava2\app\build\intermediates\exploded-aar\com.android.support\support-v4\23.1.1\jars\classes.jar
Launcher Type: SUN_STANDARD

Environment Variables:
JAVA_HOME=C:\Program Files\Java\jdk1.7.0_79
PATH=C:\ProgramData\Oracle\Java\javapath;C:\Program Files (x86)\Intel\iCLS Client\;C:\Program Files\Intel\iCLS Client\;C:\WINDOWS\system32;C:\WINDOWS;C:\WINDOWS\System32\Wbem;C:\WINDOWS\System32\WindowsPowerShell\v1.0\;C:\Program Files\Intel\Intel(R) Management Engine Components\DAL;C:\Program Files (x86)\Intel\Intel(R) Management Engine Components\DAL;C:\Program Files\Intel\Intel(R) Management Engine Components\IPT;C:\Program Files (x86)\Intel\Intel(R) Management Engine Components\IPT;C:\Program Files\Intel\WiFi\bin\;C:\Program Files\Common Files\Intel\WirelessCommon\;C:\Program Files (x86)\NVIDIA Corporation\PhysX\Common;C:\Program Files\MATLAB\MATLAB Production Server\R2015a\runtime\win64;C:\Program Files\MATLAB\MATLAB Production Server\R2015a\bin;C:\Program Files\MATLAB\MATLAB Production Server\R2015a\polyspace\bin
USERNAME=Admin
OS=Windows_NT
PROCESSOR_IDENTIFIER=Intel64 Family 6 Model 61 Stepping 4, GenuineIntel



---------------  S Y S T E M  ---------------

OS: Windows 8.1 , 64 bit Build 9600 

CPU:total 4 (2 cores per cpu, 2 threads per core) family 6 model 61 stepping 4, cmov, cx8, fxsr, mmx, sse, sse2, sse3, ssse3, sse4.1, sse4.2, popcnt, avx, avx2, aes, erms, ht, tsc, tscinvbit

Memory: 4k page, physical 8296976k(1604236k free), swap 8296976k(5636k free)

vm_info: Java HotSpot(TM) 64-Bit Server VM (24.79-b02) for windows-amd64 JRE (1.7.0_79-b15), built on Apr 10 2015 12:36:16 by "java_re" with unknown MS VC++:1600

time: Wed Feb 17 02:24:09 2016
elapsed time: 7 seconds

