#
# There is insufficient memory for the Java Runtime Environment to continue.
# Native memory allocation (malloc) failed to allocate 422176 bytes for Chunk::new
# Possible reasons:
#   The system is out of physical RAM or swap space
#   In 32 bit mode, the process size limit was hit
# Possible solutions:
#   Reduce memory load on the system
#   Increase physical memory or swap space
#   Check if swap backing store is full
#   Use 64 bit Java on a 64 bit OS
#   Decrease Java heap size (-Xmx/-Xms)
#   Decrease number of Java threads
#   Decrease Java thread stack sizes (-Xss)
#   Set larger code cache with -XX:ReservedCodeCacheSize=
# This output file may be truncated or incomplete.
#
#  Out of Memory Error (allocation.cpp:323), pid=2924, tid=8856
#
# JRE version: Java(TM) SE Runtime Environment (7.0_79-b15) (build 1.7.0_79-b15)
# Java VM: Java HotSpot(TM) 64-Bit Server VM (24.79-b02 mixed mode windows-amd64 compressed oops)
# Failed to write core dump. Minidumps are not enabled by default on client versions of Windows
#

---------------  T H R E A D  ---------------

Current thread (0x00000000086f4800):  JavaThread "C2 CompilerThread0" daemon [_thread_in_native, id=8856, stack(0x0000000009c70000,0x0000000009d70000)]

Stack: [0x0000000009c70000,0x0000000009d70000]
[error occurred during error reporting (printing stack bounds), id 0xc0000005]


Current CompileTask:
C2:   7312  573             com.android.dx.ssa.DeadCodeRemover::isCircularNoSideEffect (140 bytes)


---------------  P R O C E S S  ---------------

Java Threads: ( => current thread )
  0x000000000a1b9000 JavaThread "pool-1-thread-4" [_thread_in_Java, id=9380, stack(0x000000000a870000,0x000000000a970000)]
  0x000000000a1b8800 JavaThread "pool-1-thread-3" [_thread_blocked, id=8956, stack(0x000000000a770000,0x000000000a870000)]
  0x000000000a1b1000 JavaThread "pool-1-thread-2" [_thread_in_Java, id=10736, stack(0x000000000a670000,0x000000000a770000)]
  0x000000000a27c800 JavaThread "pool-2-thread-1" [_thread_blocked, id=13144, stack(0x000000000a570000,0x000000000a670000)]
  0x000000000a2b3800 JavaThread "pool-1-thread-1" [_thread_blocked, id=4408, stack(0x000000000a470000,0x000000000a570000)]
  0x0000000008705000 JavaThread "Service Thread" daemon [_thread_blocked, id=11592, stack(0x0000000009e70000,0x0000000009f70000)]
  0x0000000008702000 JavaThread "C2 CompilerThread1" daemon [_thread_in_native, id=9048, stack(0x0000000009d70000,0x0000000009e70000)]
=>0x00000000086f4800 JavaThread "C2 CompilerThread0" daemon [_thread_in_native, id=8856, stack(0x0000000009c70000,0x0000000009d70000)]
  0x00000000086f3800 JavaThread "Attach Listener" daemon [_thread_blocked, id=6364, stack(0x0000000009b70000,0x0000000009c70000)]
  0x00000000086f0800 JavaThread "Signal Dispatcher" daemon [_thread_blocked, id=6252, stack(0x0000000009a70000,0x0000000009b70000)]
  0x00000000086b9800 JavaThread "Finalizer" daemon [_thread_blocked, id=9040, stack(0x0000000009970000,0x0000000009a70000)]
  0x00000000086b6000 JavaThread "Reference Handler" daemon [_thread_blocked, id=6396, stack(0x0000000009870000,0x0000000009970000)]
  0x0000000002760800 JavaThread "main" [_thread_blocked, id=612, stack(0x0000000002660000,0x0000000002760000)]

Other Threads:
  0x00000000086b2000 VMThread [stack: 0x0000000009770000,0x0000000009870000] [id=10760]
  0x0000000008713000 WatcherThread [stack: 0x0000000009f70000,0x000000000a070000] [id=11468]

VM state:not at safepoint (normal execution)

VM Mutex/Monitor currently owned by a thread: None

Heap
 PSYoungGen      total 71680K, used 56007K [0x00000000eaa80000, 0x00000000f3680000, 0x0000000100000000)
  eden space 66560K, 76% used [0x00000000eaa80000,0x00000000edc33180,0x00000000eeb80000)
  from space 5120K, 99% used [0x00000000eeb80000,0x00000000ef07ecc0,0x00000000ef080000)
  to   space 5120K, 0% used [0x00000000f3180000,0x00000000f3180000,0x00000000f3680000)
 ParOldGen       total 86016K, used 17586K [0x00000000c0000000, 0x00000000c5400000, 0x00000000eaa80000)
  object space 86016K, 20% used [0x00000000c0000000,0x00000000c112c890,0x00000000c5400000)
 PSPermGen       total 21504K, used 5904K [0x00000000bae00000, 0x00000000bc300000, 0x00000000c0000000)
  object space 21504K, 27% used [0x00000000bae00000,0x00000000bb3c4330,0x00000000bc300000)

Card table byte_map: [0x0000000005920000,0x0000000005b50000] byte_map_base: 0x0000000005349000

Polling page: 0x0000000000a50000

Code Cache  [0x0000000002860000, 0x0000000002ad0000, 0x0000000005860000)
 total_blobs=798 nmethods=561 adapters=189 free_code_cache=46865Kb largest_free_block=47949888

Compilation events (10 events):
Event: 7.267 Thread 0x00000000086f4800 nmethod 568 0x0000000002a80310 code [0x0000000002a80460, 0x0000000002a80578]
Event: 7.267 Thread 0x00000000086f4800  569             com.android.dx.ssa.back.SsaToRop::moveParametersToHighRegisters (88 bytes)
Event: 7.274 Thread 0x00000000086f4800 nmethod 569 0x0000000002aa1dd0 code [0x0000000002aa1f60, 0x0000000002aa22c8]
Event: 7.274 Thread 0x00000000086f4800  570             com.android.dx.cf.code.ConcreteMethod::getAccessFlags (10 bytes)
Event: 7.275 Thread 0x00000000086f4800 nmethod 570 0x0000000002aa2590 code [0x0000000002aa26e0, 0x0000000002aa2758]
Event: 7.295 Thread 0x00000000086f4800  571             java.util.RegularEnumSet::contains (57 bytes)
Event: 7.296 Thread 0x00000000086f4800 nmethod 571 0x0000000002a80010 code [0x0000000002a80160, 0x0000000002a80238]
Event: 7.297 Thread 0x00000000086f4800  572             com.android.dx.ssa.SsaMethod::access$000 (5 bytes)
Event: 7.297 Thread 0x00000000086f4800 nmethod 572 0x0000000002a7fe10 code [0x0000000002a7ff40, 0x0000000002a7ff98]
Event: 7.297 Thread 0x00000000086f4800  573             com.android.dx.ssa.DeadCodeRemover::isCircularNoSideEffect (140 bytes)

GC Heap History (6 events):
Event: 3.519 GC heap before
{Heap before GC invocations=1 (full 0):
 PSYoungGen      total 38400K, used 33280K [0x00000000eaa80000, 0x00000000ed500000, 0x0000000100000000)
  eden space 33280K, 100% used [0x00000000eaa80000,0x00000000ecb00000,0x00000000ecb00000)
  from space 5120K, 0% used [0x00000000ed000000,0x00000000ed000000,0x00000000ed500000)
  to   space 5120K, 0% used [0x00000000ecb00000,0x00000000ecb00000,0x00000000ed000000)
 ParOldGen       total 86016K, used 0K [0x00000000c0000000, 0x00000000c5400000, 0x00000000eaa80000)
  object space 86016K, 0% used [0x00000000c0000000,0x00000000c0000000,0x00000000c5400000)
 PSPermGen       total 21504K, used 5759K [0x00000000bae00000, 0x00000000bc300000, 0x00000000c0000000)
  object space 21504K, 26% used [0x00000000bae00000,0x00000000bb39fe68,0x00000000bc300000)
Event: 3.665 GC heap after
Heap after GC invocations=1 (full 0):
 PSYoungGen      total 38400K, used 5118K [0x00000000eaa80000, 0x00000000ef580000, 0x0000000100000000)
  eden space 33280K, 0% used [0x00000000eaa80000,0x00000000eaa80000,0x00000000ecb00000)
  from space 5120K, 99% used [0x00000000ecb00000,0x00000000ecfffad8,0x00000000ed000000)
  to   space 5120K, 0% used [0x00000000ef080000,0x00000000ef080000,0x00000000ef580000)
 ParOldGen       total 86016K, used 1932K [0x00000000c0000000, 0x00000000c5400000, 0x00000000eaa80000)
  object space 86016K, 2% used [0x00000000c0000000,0x00000000c01e33b0,0x00000000c5400000)
 PSPermGen       total 21504K, used 5759K [0x00000000bae00000, 0x00000000bc300000, 0x00000000c0000000)
  object space 21504K, 26% used [0x00000000bae00000,0x00000000bb39fe68,0x00000000bc300000)
}
Event: 5.454 GC heap before
{Heap before GC invocations=2 (full 0):
 PSYoungGen      total 38400K, used 38398K [0x00000000eaa80000, 0x00000000ef580000, 0x0000000100000000)
  eden space 33280K, 100% used [0x00000000eaa80000,0x00000000ecb00000,0x00000000ecb00000)
  from space 5120K, 99% used [0x00000000ecb00000,0x00000000ecfffad8,0x00000000ed000000)
  to   space 5120K, 0% used [0x00000000ef080000,0x00000000ef080000,0x00000000ef580000)
 ParOldGen       total 86016K, used 1932K [0x00000000c0000000, 0x00000000c5400000, 0x00000000eaa80000)
  object space 86016K, 2% used [0x00000000c0000000,0x00000000c01e33b0,0x00000000c5400000)
 PSPermGen       total 21504K, used 5816K [0x00000000bae00000, 0x00000000bc300000, 0x00000000c0000000)
  object space 21504K, 27% used [0x00000000bae00000,0x00000000bb3ae1b8,0x00000000bc300000)
Event: 5.468 GC heap after
Heap after GC invocations=2 (full 0):
 PSYoungGen      total 71680K, used 5088K [0x00000000eaa80000, 0x00000000ef580000, 0x0000000100000000)
  eden space 66560K, 0% used [0x00000000eaa80000,0x00000000eaa80000,0x00000000eeb80000)
  from space 5120K, 99% used [0x00000000ef080000,0x00000000ef578240,0x00000000ef580000)
  to   space 5120K, 0% used [0x00000000eeb80000,0x00000000eeb80000,0x00000000ef080000)
 ParOldGen       total 86016K, used 7112K [0x00000000c0000000, 0x00000000c5400000, 0x00000000eaa80000)
  object space 86016K, 8% used [0x00000000c0000000,0x00000000c06f23b8,0x00000000c5400000)
 PSPermGen       total 21504K, used 5816K [0x00000000bae00000, 0x00000000bc300000, 0x00000000c0000000)
  object space 21504K, 27% used [0x00000000bae00000,0x00000000bb3ae1b8,0x00000000bc300000)
}
Event: 6.669 GC heap before
{Heap before GC invocations=3 (full 0):
 PSYoungGen      total 71680K, used 71648K [0x00000000eaa80000, 0x00000000ef580000, 0x0000000100000000)
  eden space 66560K, 100% used [0x00000000eaa80000,0x00000000eeb80000,0x00000000eeb80000)
  from space 5120K, 99% used [0x00000000ef080000,0x00000000ef578240,0x00000000ef580000)
  to   space 5120K, 0% used [0x00000000eeb80000,0x00000000eeb80000,0x00000000ef080000)
 ParOldGen       total 86016K, used 7112K [0x00000000c0000000, 0x00000000c5400000, 0x00000000eaa80000)
  object space 86016K, 8% used [0x00000000c0000000,0x00000000c06f23b8,0x00000000c5400000)
 PSPermGen       total 21504K, used 5867K [0x00000000bae00000, 0x00000000bc300000, 0x00000000c0000000)
  object space 21504K, 27% used [0x00000000bae00000,0x00000000bb3bae90,0x00000000bc300000)
Event: 6.698 GC heap after
Heap after GC invocations=3 (full 0):
 PSYoungGen      total 71680K, used 5115K [0x00000000eaa80000, 0x00000000f3680000, 0x0000000100000000)
  eden space 66560K, 0% used [0x00000000eaa80000,0x00000000eaa80000,0x00000000eeb80000)
  from space 5120K, 99% used [0x00000000eeb80000,0x00000000ef07ecc0,0x00000000ef080000)
  to   space 5120K, 0% used [0x00000000f3180000,0x00000000f3180000,0x00000000f3680000)
 ParOldGen       total 86016K, used 17586K [0x00000000c0000000, 0x00000000c5400000, 0x00000000eaa80000)
  object space 86016K, 20% used [0x00000000c0000000,0x00000000c112c890,0x00000000c5400000)
 PSPermGen       total 21504K, used 5867K [0x00000000bae00000, 0x00000000bc300000, 0x00000000c0000000)
  object space 21504K, 27% used [0x00000000bae00000,0x00000000bb3bae90,0x00000000bc300000)
}

Deoptimization events (10 events):
Event: 6.549 Thread 0x000000000a1b1000 Uncommon trap: reason=class_check action=maybe_recompile pc=0x0000000002a547d4 method=com.android.dx.cf.code.BytecodeArray.parseInstruction(ILcom/android/dx/cf/code/BytecodeArray$Visitor;)I @ 1612
Event: 6.601 Thread 0x000000000a1b9000 Uncommon trap: reason=class_check action=maybe_recompile pc=0x0000000002a547d4 method=com.android.dx.cf.code.BytecodeArray.parseInstruction(ILcom/android/dx/cf/code/BytecodeArray$Visitor;)I @ 1612
Event: 6.736 Thread 0x000000000a1b1000 Uncommon trap: reason=bimorphic action=maybe_recompile pc=0x0000000002a54418 method=com.android.dx.cf.code.BytecodeArray.parseInstruction(ILcom/android/dx/cf/code/BytecodeArray$Visitor;)I @ 1130
Event: 6.736 Thread 0x000000000a1b1000 Uncommon trap: reason=bimorphic action=maybe_recompile pc=0x0000000002a540a0 method=com.android.dx.cf.code.BytecodeArray.parseInstruction(ILcom/android/dx/cf/code/BytecodeArray$Visitor;)I @ 971
Event: 6.736 Thread 0x000000000a1b1000 Uncommon trap: reason=bimorphic action=maybe_recompile pc=0x0000000002a54120 method=com.android.dx.cf.code.BytecodeArray.parseInstruction(ILcom/android/dx/cf/code/BytecodeArray$Visitor;)I @ 987
Event: 6.736 Thread 0x000000000a1b1000 Uncommon trap: reason=bimorphic action=maybe_recompile pc=0x0000000002a54020 method=com.android.dx.cf.code.BytecodeArray.parseInstruction(ILcom/android/dx/cf/code/BytecodeArray$Visitor;)I @ 955
Event: 6.736 Thread 0x000000000a1b1000 Uncommon trap: reason=bimorphic action=maybe_recompile pc=0x0000000002a54020 method=com.android.dx.cf.code.BytecodeArray.parseInstruction(ILcom/android/dx/cf/code/BytecodeArray$Visitor;)I @ 955
Event: 6.736 Thread 0x000000000a1b1000 Uncommon trap: reason=class_check action=maybe_recompile pc=0x0000000002981700 method=com.android.dx.cf.code.Ropper.processBlock(Lcom/android/dx/cf/code/ByteBlock;Lcom/android/dx/cf/code/Frame;[I)V @ 777
Event: 6.737 Thread 0x000000000a1b1000 Uncommon trap: reason=null_check action=make_not_entrant pc=0x0000000002a40a68 method=com.android.dx.dex.file.FieldIdsSection.intern(Lcom/android/dx/rop/cst/CstFieldRef;)Lcom/android/dx/dex/file/FieldIdItem; @ 26
Event: 6.885 Thread 0x000000000a1b1000 Uncommon trap: reason=bimorphic action=maybe_recompile pc=0x000000000298fcd0 method=com.android.dx.ssa.LiteralOpUpgrader.tryReplacingWithConstant(Lcom/android/dx/ssa/NormalSsaInsn;)Z @ 62

Internal exceptions (10 events):
Event: 2.640 Thread 0x0000000002760800 Threw 0x00000000ebc70140 at C:\re\jdk7u79\2331\hotspot\src\share\vm\prims\jvm.cpp:1304
Event: 2.644 Thread 0x0000000002760800 Threw 0x00000000ebc72550 at C:\re\jdk7u79\2331\hotspot\src\share\vm\prims\jvm.cpp:1304
Event: 2.762 Thread 0x0000000002760800 Threw 0x00000000ebc9aa70 at C:\re\jdk7u79\2331\hotspot\src\share\vm\prims\jvm.cpp:1304
Event: 2.799 Thread 0x0000000002760800 Implicit null exception at 0x00000000028fd357 to 0x00000000028fda51
Event: 2.827 Thread 0x000000000a1b1000 Threw 0x00000000ebd4be20 at C:\re\jdk7u79\2331\hotspot\src\share\vm\prims\jvm.cpp:1304
Event: 3.380 Thread 0x000000000a1b9000 Implicit null exception at 0x00000000028fbfd2 to 0x00000000028fc0c5
Event: 3.394 Thread 0x000000000a1b1000 Implicit null exception at 0x00000000029212f4 to 0x0000000002922671
Event: 5.737 Thread 0x000000000a1b9000 Threw 0x00000000eb7b6f58 at C:\re\jdk7u79\2331\hotspot\src\share\vm\prims\jvm.cpp:1304
Event: 6.172 Thread 0x000000000a2b3800 Threw 0x00000000ec949460 at C:\re\jdk7u79\2331\hotspot\src\share\vm\prims\jvm.cpp:1304
Event: 6.918 Thread 0x0000000002760800 Threw 0x00000000ec678458 at C:\re\jdk7u79\2331\hotspot\src\share\vm\prims\jvm.cpp:1304

Events (10 events):
Event: 6.737 Thread 0x000000000a1b1000 Uncommon trap: trap_request=0xfffffff4 fr.pc=0x0000000002a40a68
Event: 6.737 Thread 0x000000000a1b1000 DEOPT PACKING pc=0x0000000002a40a68 sp=0x000000000a76ee40
Event: 6.737 Thread 0x000000000a1b1000 DEOPT UNPACKING pc=0x00000000028975a4 sp=0x000000000a76ed98 mode 2
Event: 6.806 Thread 0x0000000008702000 flushing nmethod 0x0000000002918bd0
Event: 6.871 Thread 0x00000000086f4800 flushing nmethod 0x0000000002962990
Event: 6.885 Thread 0x000000000a1b1000 Uncommon trap: trap_request=0xffffffc6 fr.pc=0x000000000298fcd0
Event: 6.885 Thread 0x000000000a1b1000 DEOPT PACKING pc=0x000000000298fcd0 sp=0x000000000a76e9b0
Event: 6.885 Thread 0x000000000a1b1000 DEOPT UNPACKING pc=0x00000000028975a4 sp=0x000000000a76e930 mode 2
Event: 6.918 loading class 0x0000000008728960
Event: 6.918 loading class 0x0000000008728960 done


Dynamic libraries:
0x00007ff64abe0000 - 0x00007ff64ac13000 	C:\Program Files\Java\jdk1.7.0_79\bin\java.exe
0x00007ffa22e90000 - 0x00007ffa23051000 	C:\WINDOWS\SYSTEM32\ntdll.dll
0x00007ffa22c10000 - 0x00007ffa22cbd000 	C:\WINDOWS\system32\KERNEL32.DLL
0x00007ffa1fcf0000 - 0x00007ffa1fecd000 	C:\WINDOWS\system32\KERNELBASE.dll
0x00007ffa20910000 - 0x00007ffa209b6000 	C:\WINDOWS\system32\ADVAPI32.dll
0x00007ffa22d80000 - 0x00007ffa22e1d000 	C:\WINDOWS\system32\msvcrt.dll
0x00007ffa206b0000 - 0x00007ffa2070b000 	C:\WINDOWS\system32\sechost.dll
0x00007ffa20b80000 - 0x00007ffa20ca6000 	C:\WINDOWS\system32\RPCRT4.dll
0x00007ffa22ac0000 - 0x00007ffa22c0e000 	C:\WINDOWS\system32\USER32.dll
0x00007ffa22480000 - 0x00007ffa22606000 	C:\WINDOWS\system32\GDI32.dll
0x00007ffa1a170000 - 0x00007ffa1a3e4000 	C:\WINDOWS\WinSxS\amd64_microsoft.windows.common-controls_6595b64144ccf1df_6.0.10240.16384_none_f41f7b285750ef43\COMCTL32.dll
0x00007ffa20770000 - 0x00007ffa207a6000 	C:\WINDOWS\system32\IMM32.DLL
0x00007ffa207b0000 - 0x00007ffa2090c000 	C:\WINDOWS\system32\MSCTF.dll
0x0000000055720000 - 0x00000000557f2000 	C:\Program Files\Java\jdk1.7.0_79\jre\bin\msvcr100.dll
0x0000000055b00000 - 0x00000000562d5000 	C:\Program Files\Java\jdk1.7.0_79\jre\bin\server\jvm.dll
0x00007ffa20f30000 - 0x00007ffa20f38000 	C:\WINDOWS\system32\PSAPI.DLL
0x00007ffa1d880000 - 0x00007ffa1d8a3000 	C:\WINDOWS\SYSTEM32\WINMM.dll
0x00007ffa1e060000 - 0x00007ffa1e069000 	C:\WINDOWS\SYSTEM32\WSOCK32.dll
0x00007ffa20b10000 - 0x00007ffa20b79000 	C:\WINDOWS\system32\WS2_32.dll
0x00007ffa20560000 - 0x00007ffa20568000 	C:\WINDOWS\system32\NSI.dll
0x00007ffa1d850000 - 0x00007ffa1d87c000 	C:\WINDOWS\SYSTEM32\WINMMBASE.dll
0x00007ffa1fbf0000 - 0x00007ffa1fc34000 	C:\WINDOWS\system32\cfgmgr32.dll
0x00007ffa1e230000 - 0x00007ffa1e257000 	C:\WINDOWS\SYSTEM32\DEVOBJ.dll
0x00000000586c0000 - 0x00000000586cf000 	C:\Program Files\Java\jdk1.7.0_79\jre\bin\verify.dll
0x0000000057ac0000 - 0x0000000057ae8000 	C:\Program Files\Java\jdk1.7.0_79\jre\bin\java.dll
0x0000000057830000 - 0x0000000057845000 	C:\Program Files\Java\jdk1.7.0_79\jre\bin\zip.dll
0x00000000577a0000 - 0x00000000577ba000 	C:\Program Files\Java\jdk1.7.0_79\jre\bin\net.dll
0x00007ffa1f130000 - 0x00007ffa1f18d000 	C:\WINDOWS\system32\mswsock.dll
0x0000000055ae0000 - 0x0000000055af1000 	C:\Program Files\Java\jdk1.7.0_79\jre\bin\nio.dll

VM Arguments:
jvm_args: -Djava.awt.headless=true -Xmx1024M -Dfile.encoding=windows-1252 -Duser.country=IN -Duser.language=en -Duser.variant 
java_command: com.android.dx.command.Main --dex --num-threads=4 --output C:\Users\Admin\AndroidStudioProjects\JustJava2\app\build\intermediates\pre-dexed\debug\com.android.support-appcompat-v7-23.1.1_ed1e0c2096585f921a401022a3f76cc634d8fa01.jar C:\Users\Admin\AndroidStudioProjects\JustJava2\app\build\intermediates\exploded-aar\com.android.support\appcompat-v7\23.1.1\jars\classes.jar
Launcher Type: SUN_STANDARD

Environment Variables:
JAVA_HOME=C:\Program Files\Java\jdk1.7.0_79
PATH=C:\ProgramData\Oracle\Java\javapath;C:\Program Files (x86)\Intel\iCLS Client\;C:\Program Files\Intel\iCLS Client\;C:\WINDOWS\system32;C:\WINDOWS;C:\WINDOWS\System32\Wbem;C:\WINDOWS\System32\WindowsPowerShell\v1.0\;C:\Program Files\Intel\Intel(R) Management Engine Components\DAL;C:\Program Files (x86)\Intel\Intel(R) Management Engine Components\DAL;C:\Program Files\Intel\Intel(R) Management Engine Components\IPT;C:\Program Files (x86)\Intel\Intel(R) Management Engine Components\IPT;C:\Program Files\Intel\WiFi\bin\;C:\Program Files\Common Files\Intel\WirelessCommon\;C:\Program Files (x86)\NVIDIA Corporation\PhysX\Common;C:\Program Files\MATLAB\MATLAB Production Server\R2015a\runtime\win64;C:\Program Files\MATLAB\MATLAB Production Server\R2015a\bin;C:\Program Files\MATLAB\MATLAB Production Server\R2015a\polyspace\bin
USERNAME=Admin
OS=Windows_NT
PROCESSOR_IDENTIFIER=Intel64 Family 6 Model 61 Stepping 4, GenuineIntel



---------------  S Y S T E M  ---------------

OS: Windows 8.1 , 64 bit Build 9600 

CPU:total 4 (2 cores per cpu, 2 threads per core) family 6 model 61 stepping 4, cmov, cx8, fxsr, mmx, sse, sse2, sse3, ssse3, sse4.1, sse4.2, popcnt, avx, avx2, aes, erms, ht, tsc, tscinvbit

Memory: 4k page, physical 8296976k(1604212k free), swap 8296976k(5220k free)

vm_info: Java HotSpot(TM) 64-Bit Server VM (24.79-b02) for windows-amd64 JRE (1.7.0_79-b15), built on Apr 10 2015 12:36:16 by "java_re" with unknown MS VC++:1600

time: Wed Feb 17 02:24:09 2016
elapsed time: 7 seconds

