#
# There is insufficient memory for the Java Runtime Environment to continue.
# Native memory allocation (malloc) failed to allocate 1048576 bytes for AllocateHeap
# Possible reasons:
#   The system is out of physical RAM or swap space
#   In 32 bit mode, the process size limit was hit
# Possible solutions:
#   Reduce memory load on the system
#   Increase physical memory or swap space
#   Check if swap backing store is full
#   Use 64 bit Java on a 64 bit OS
#   Decrease Java heap size (-Xmx/-Xms)
#   Decrease number of Java threads
#   Decrease Java thread stack sizes (-Xss)
#   Set larger code cache with -XX:ReservedCodeCacheSize=
# This output file may be truncated or incomplete.
#
#  Out of Memory Error (memory/allocation.inline.hpp:61), pid=8932, tid=8260
#
# JRE version:  (7.0_79-b15) (build )
# Java VM: Java HotSpot(TM) 64-Bit Server VM (24.79-b02 mixed mode windows-amd64 compressed oops)
# Failed to write core dump. Minidumps are not enabled by default on client versions of Windows
#

---------------  T H R E A D  ---------------

Current thread (0x00000000023c0800):  JavaThread "Unknown thread" [_thread_in_vm, id=8260, stack(0x0000000002290000,0x0000000002390000)]

Stack: [0x0000000002290000,0x0000000002390000]
[error occurred during error reporting (printing stack bounds), id 0xc0000005]


---------------  P R O C E S S  ---------------

Java Threads: ( => current thread )

Other Threads:

=>0x00000000023c0800 (exited) JavaThread "Unknown thread" [_thread_in_vm, id=8260, stack(0x0000000002290000,0x0000000002390000)]

VM state:not at safepoint (normal execution)

VM Mutex/Monitor currently owned by a thread: None

Heap
 PSYoungGen      total 38400K, used 665K [0x00000000eaa80000, 0x00000000ed500000, 0x0000000100000000)
  eden space 33280K, 2% used [0x00000000eaa80000,0x00000000eab266b8,0x00000000ecb00000)
  from space 5120K, 0% used [0x00000000ed000000,0x00000000ed000000,0x00000000ed500000)
  to   space 5120K, 0% used [0x00000000ecb00000,0x00000000ecb00000,0x00000000ed000000)
 ParOldGen       total 86016K, used 0K [0x00000000c0000000, 0x00000000c5400000, 0x00000000eaa80000)
  object space 86016K, 0% used [0x00000000c0000000,0x00000000c0000000,0x00000000c5400000)
 PSPermGen       total 21504K, used 697K [0x00000000bae00000, 0x00000000bc300000, 0x00000000c0000000)
  object space 21504K, 3% used [0x00000000bae00000,0x00000000baeae588,0x00000000bc300000)

Card table byte_map: [0x00000000055f0000,0x0000000005820000] byte_map_base: 0x0000000005019000

Polling page: 0x0000000002390000

Code Cache  [0x0000000002530000, 0x00000000027a0000, 0x0000000005530000)
 total_blobs=38 nmethods=0 adapters=20 free_code_cache=48889Kb largest_free_block=50062528

Compilation events (0 events):
No events

GC Heap History (0 events):
No events

Deoptimization events (0 events):
No events

Internal exceptions (0 events):
No events

Events (10 events):
Event: 0.032 loading class 0x0000000002406910
Event: 0.032 loading class 0x0000000002406910 done
Event: 0.032 loading class 0x0000000002406960
Event: 0.032 loading class 0x0000000002406960 done
Event: 0.032 loading class 0x00000000024069b0
Event: 0.033 loading class 0x00000000024069b0 done
Event: 0.033 loading class 0x0000000002407730
Event: 0.033 loading class 0x0000000002407730 done
Event: 0.033 loading class 0x0000000002407350
Event: 0.034 loading class 0x0000000002407350 done


Dynamic libraries:
0x00007ff64abe0000 - 0x00007ff64ac13000 	C:\Program Files\Java\jdk1.7.0_79\bin\java.exe
0x00007ffa22e90000 - 0x00007ffa23051000 	C:\WINDOWS\SYSTEM32\ntdll.dll
0x00007ffa22c10000 - 0x00007ffa22cbd000 	C:\WINDOWS\system32\KERNEL32.DLL
0x00007ffa1fcf0000 - 0x00007ffa1fecd000 	C:\WINDOWS\system32\KERNELBASE.dll
0x00007ffa20910000 - 0x00007ffa209b6000 	C:\WINDOWS\system32\ADVAPI32.dll
0x00007ffa22d80000 - 0x00007ffa22e1d000 	C:\WINDOWS\system32\msvcrt.dll
0x00007ffa206b0000 - 0x00007ffa2070b000 	C:\WINDOWS\system32\sechost.dll
0x00007ffa20b80000 - 0x00007ffa20ca6000 	C:\WINDOWS\system32\RPCRT4.dll
0x00007ffa22ac0000 - 0x00007ffa22c0e000 	C:\WINDOWS\system32\USER32.dll
0x00007ffa22480000 - 0x00007ffa22606000 	C:\WINDOWS\system32\GDI32.dll
0x00007ffa1a170000 - 0x00007ffa1a3e4000 	C:\WINDOWS\WinSxS\amd64_microsoft.windows.common-controls_6595b64144ccf1df_6.0.10240.16384_none_f41f7b285750ef43\COMCTL32.dll
0x00007ffa20770000 - 0x00007ffa207a6000 	C:\WINDOWS\system32\IMM32.DLL
0x00007ffa207b0000 - 0x00007ffa2090c000 	C:\WINDOWS\system32\MSCTF.dll
0x0000000055720000 - 0x00000000557f2000 	C:\Program Files\Java\jdk1.7.0_79\jre\bin\msvcr100.dll
0x0000000055b00000 - 0x00000000562d5000 	C:\Program Files\Java\jdk1.7.0_79\jre\bin\server\jvm.dll
0x00007ffa20f30000 - 0x00007ffa20f38000 	C:\WINDOWS\system32\PSAPI.DLL
0x00007ffa1d880000 - 0x00007ffa1d8a3000 	C:\WINDOWS\SYSTEM32\WINMM.dll
0x00007ffa1e060000 - 0x00007ffa1e069000 	C:\WINDOWS\SYSTEM32\WSOCK32.dll
0x00007ffa20b10000 - 0x00007ffa20b79000 	C:\WINDOWS\system32\WS2_32.dll
0x00007ffa1d850000 - 0x00007ffa1d87c000 	C:\WINDOWS\SYSTEM32\WINMMBASE.dll
0x00007ffa20560000 - 0x00007ffa20568000 	C:\WINDOWS\system32\NSI.dll
0x00007ffa1fbf0000 - 0x00007ffa1fc34000 	C:\WINDOWS\system32\cfgmgr32.dll
0x00007ffa1e230000 - 0x00007ffa1e257000 	C:\WINDOWS\SYSTEM32\DEVOBJ.dll
0x00000000586c0000 - 0x00000000586cf000 	C:\Program Files\Java\jdk1.7.0_79\jre\bin\verify.dll
0x0000000057ac0000 - 0x0000000057ae8000 	C:\Program Files\Java\jdk1.7.0_79\jre\bin\java.dll
0x0000000057830000 - 0x0000000057845000 	C:\Program Files\Java\jdk1.7.0_79\jre\bin\zip.dll

VM Arguments:
jvm_args: -Djava.awt.headless=true -Xmx1024M -Dfile.encoding=windows-1252 -Duser.country=IN -Duser.language=en -Duser.variant 
java_command: com.android.dx.command.Main --dex --num-threads=4 --output C:\Users\Admin\AndroidStudioProjects\JustJava2\app\build\intermediates\pre-dexed\debug\com.android.support-support-v4-23.1.1_11d9ef423b0ee13cc9b149f68ae163f615b85897.jar C:\Users\Admin\AndroidStudioProjects\JustJava2\app\build\intermediates\exploded-aar\com.android.support\support-v4\23.1.1\jars\classes.jar
Launcher Type: SUN_STANDARD

Environment Variables:
JAVA_HOME=C:\Program Files\Java\jdk1.7.0_79
PATH=C:\ProgramData\Oracle\Java\javapath;C:\Program Files (x86)\Intel\iCLS Client\;C:\Program Files\Intel\iCLS Client\;C:\WINDOWS\system32;C:\WINDOWS;C:\WINDOWS\System32\Wbem;C:\WINDOWS\System32\WindowsPowerShell\v1.0\;C:\Program Files\Intel\Intel(R) Management Engine Components\DAL;C:\Program Files (x86)\Intel\Intel(R) Management Engine Components\DAL;C:\Program Files\Intel\Intel(R) Management Engine Components\IPT;C:\Program Files (x86)\Intel\Intel(R) Management Engine Components\IPT;C:\Program Files\Intel\WiFi\bin\;C:\Program Files\Common Files\Intel\WirelessCommon\;C:\Program Files (x86)\NVIDIA Corporation\PhysX\Common;C:\Program Files\MATLAB\MATLAB Production Server\R2015a\runtime\win64;C:\Program Files\MATLAB\MATLAB Production Server\R2015a\bin;C:\Program Files\MATLAB\MATLAB Production Server\R2015a\polyspace\bin
USERNAME=Admin
OS=Windows_NT
PROCESSOR_IDENTIFIER=Intel64 Family 6 Model 61 Stepping 4, GenuineIntel



---------------  S Y S T E M  ---------------

OS: Windows 8.1 , 64 bit Build 9600 

CPU:total 4 (2 cores per cpu, 2 threads per core) family 6 model 61 stepping 4, cmov, cx8, fxsr, mmx, sse, sse2, sse3, ssse3, sse4.1, sse4.2, popcnt, avx, avx2, aes, erms, ht, tsc, tscinvbit

Memory: 4k page, physical 8296976k(1756368k free), swap 8296976k(5852k free)

vm_info: Java HotSpot(TM) 64-Bit Server VM (24.79-b02) for windows-amd64 JRE (1.7.0_79-b15), built on Apr 10 2015 12:36:16 by "java_re" with unknown MS VC++:1600

time: Wed Feb 17 02:28:51 2016
elapsed time: 0 seconds

